::1 - - [29/Nov/2020:09:38:46 +0000] "OPTIONS /api/v1/users HTTP/1.1" 204 0
::1 - - [29/Nov/2020:09:38:46 +0000] "POST /api/v1/users HTTP/1.1" 200 161
::1 - - [29/Nov/2020:09:38:46 +0000] "GET /api/v1/users HTTP/1.1" 200 154
::1 - - [29/Nov/2020:09:38:48 +0000] "OPTIONS /api/v1/users/5fc36c262659424fc6853749 HTTP/1.1" 204 0
::1 - - [29/Nov/2020:09:38:48 +0000] "DELETE /api/v1/users/5fc36c262659424fc6853749 HTTP/1.1" 200 31
::1 - - [29/Nov/2020:09:38:48 +0000] "GET /api/v1/users HTTP/1.1" 200 2
::1 - - [29/Nov/2020:09:38:54 +0000] "OPTIONS /api/v1/users HTTP/1.1" 204 0
::1 - - [29/Nov/2020:09:38:54 +0000] "POST /api/v1/users HTTP/1.1" 200 161
::1 - - [29/Nov/2020:09:38:54 +0000] "GET /api/v1/users HTTP/1.1" 200 154
::1 - - [29/Nov/2020:09:39:00 +0000] "OPTIONS /api/v1/users HTTP/1.1" 204 0
::1 - - [29/Nov/2020:09:39:00 +0000] "POST /api/v1/users HTTP/1.1" 500 29
::1 - - [29/Nov/2020:09:39:03 +0000] "GET /api/v1/users HTTP/1.1" 304 -
::1 - - [29/Nov/2020:09:39:05 +0000] "OPTIONS /api/v1/users/5fc36c2e2659424fc685374a HTTP/1.1" 204 0
::1 - - [29/Nov/2020:09:39:05 +0000] "DELETE /api/v1/users/5fc36c2e2659424fc685374a HTTP/1.1" 200 31
::1 - - [29/Nov/2020:09:39:05 +0000] "GET /api/v1/users HTTP/1.1" 200 2
::1 - - [29/Nov/2020:09:52:55 +0000] "OPTIONS /api/v1/users HTTP/1.1" 204 0
::1 - - [29/Nov/2020:09:52:56 +0000] "POST /api/v1/users HTTP/1.1" 200 161
::1 - - [29/Nov/2020:09:52:56 +0000] "GET /api/v1/users HTTP/1.1" 200 154
::1 - - [29/Nov/2020:09:53:03 +0000] "OPTIONS /api/v1/users HTTP/1.1" 204 0
::1 - - [29/Nov/2020:09:53:03 +0000] "POST /api/v1/users HTTP/1.1" 200 155
::1 - - [29/Nov/2020:09:53:03 +0000] "GET /api/v1/users HTTP/1.1" 200 301
::1 - - [29/Nov/2020:09:56:34 +0000] "GET /api/v1/users HTTP/1.1" 200 301
::1 - - [29/Nov/2020:09:56:35 +0000] "GET /api/v1/users HTTP/1.1" 200 301
::1 - - [29/Nov/2020:10:06:20 +0000] "GET /api/v1/users HTTP/1.1" 200 2
::1 - - [29/Nov/2020:10:06:23 +0000] "GET /api/v1/users HTTP/1.1" 304 -
::1 - - [29/Nov/2020:10:06:27 +0000] "OPTIONS /api/v1/users HTTP/1.1" 204 0
::1 - - [29/Nov/2020:10:06:27 +0000] "POST /api/v1/users HTTP/1.1" 200 161
::1 - - [29/Nov/2020:10:06:27 +0000] "GET /api/v1/users HTTP/1.1" 200 154
::1 - - [29/Nov/2020:10:06:32 +0000] "POST /api/v1/users HTTP/1.1" 200 155
::1 - - [29/Nov/2020:10:06:32 +0000] "GET /api/v1/users HTTP/1.1" 200 301
::1 - - [29/Nov/2020:10:06:33 +0000] "GET /api/v1/users/5fc372a32659424fc685374e HTTP/1.1" 200 152
::1 - - [29/Nov/2020:10:06:36 +0000] "OPTIONS /api/v1/users/5fc372a32659424fc685374e HTTP/1.1" 204 0
::1 - - [29/Nov/2020:10:06:36 +0000] "PUT /api/v1/users/5fc372a32659424fc685374e HTTP/1.1" 200 31
::1 - - [29/Nov/2020:10:06:36 +0000] "GET /api/v1/users HTTP/1.1" 200 302
::1 - - [29/Nov/2020:10:06:37 +0000] "GET /api/v1/users/5fc372a32659424fc685374e HTTP/1.1" 200 153
::1 - - [29/Nov/2020:10:06:38 +0000] "GET /api/v1/users HTTP/1.1" 304 -
::1 - - [29/Nov/2020:10:06:39 +0000] "DELETE /api/v1/users/5fc372a32659424fc685374e HTTP/1.1" 200 31
::1 - - [29/Nov/2020:10:06:39 +0000] "GET /api/v1/users HTTP/1.1" 200 148
::1 - - [29/Nov/2020:10:10:48 +0000] "OPTIONS /api/v1/users HTTP/1.1" 204 0
::1 - - [29/Nov/2020:10:10:48 +0000] "POST /api/v1/users HTTP/1.1" 200 157
::1 - - [29/Nov/2020:10:10:48 +0000] "GET /api/v1/users HTTP/1.1" 200 297
